<?xml version="1.0" encoding="utf-8"?><testsuites name="pytest tests"><testsuite name="pytest" errors="0" failures="0" skipped="0" tests="20" time="26.519" timestamp="2026-01-09T00:33:40.381902+00:00" hostname="agent-env-63e2b0dd-e012-4d02-9992-c70342a852ea"><testcase classname="tests.test_export_image_deprecated.TestExportDocx" name="test_export_docx_success" time="0.136" /><testcase classname="tests.test_export_image_deprecated.TestExportDocx" name="test_export_docx_without_title_page" time="0.104" /><testcase classname="tests.test_export_image_deprecated.TestExportDocx" name="test_export_docx_without_chapter_numbers" time="0.097" /><testcase classname="tests.test_export_image_deprecated.TestExportDocx" name="test_export_docx_invalid_project" time="0.041" /><testcase classname="tests.test_export_image_deprecated.TestExportPdf" name="test_export_pdf_success" time="0.370" /><testcase classname="tests.test_export_image_deprecated.TestExportPdf" name="test_export_pdf_without_title_page" time="0.354" /><testcase classname="tests.test_export_image_deprecated.TestExportPdf" name="test_export_pdf_without_chapter_numbers" time="0.329" /><testcase classname="tests.test_export_image_deprecated.TestExportPdf" name="test_export_pdf_invalid_project" time="0.042" /><testcase classname="tests.test_export_image_deprecated.TestImageGeneration" name="test_generate_image_success" time="12.587" /><testcase classname="tests.test_export_image_deprecated.TestImageGeneration" name="test_generate_image_short_prompt_rejected" time="0.095" /><testcase classname="tests.test_export_image_deprecated.TestImageGeneration" name="test_generate_image_empty_prompt_rejected" time="0.038" /><testcase classname="tests.test_export_image_deprecated.TestImageGeneration" name="test_generate_image_response_structure" time="11.547" /><testcase classname="tests.test_export_image_deprecated.TestDeprecatedEndpoints" name="test_deprecated_get_manuscripts_returns_200" time="0.062" /><testcase classname="tests.test_export_image_deprecated.TestDeprecatedEndpoints" name="test_deprecated_post_manuscript_returns_200" time="0.078" /><testcase classname="tests.test_export_image_deprecated.TestDeprecatedEndpoints" name="test_deprecated_get_single_manuscript" time="0.201" /><testcase classname="tests.test_export_image_deprecated.TestDeprecatedEndpoints" name="test_deprecated_put_manuscript" time="0.117" /><testcase classname="tests.test_export_image_deprecated.TestDeprecatedEndpoints" name="test_deprecated_delete_manuscript" time="0.123" /><testcase classname="tests.test_export_image_deprecated.TestDeprecatedEndpoints" name="test_deprecated_get_nonexistent_manuscript_returns_404" time="0.040" /><testcase classname="tests.test_export_image_deprecated.TestProjectExists" name="test_project_exists" time="0.034" /><testcase classname="tests.test_export_image_deprecated.TestProjectExists" name="test_project_has_chapters" time="0.042" /></testsuite></testsuites>