<?xml version="1.0" encoding="utf-8"?><testsuites name="pytest tests"><testsuite name="pytest" errors="0" failures="0" skipped="0" tests="16" time="72.839" timestamp="2026-01-08T23:55:39.477694+00:00" hostname="agent-env-63e2b0dd-e012-4d02-9992-c70342a852ea"><testcase classname="tests.test_implement_action.TestImplementActionEndpoint" name="test_implement_response_structure" time="1.999" /><testcase classname="tests.test_implement_action.TestImplementActionEndpoint" name="test_autoformat_action_updates_chapter" time="2.559" /><testcase classname="tests.test_implement_action.TestImplementActionEndpoint" name="test_store_notes_action_creates_notes" time="0.562" /><testcase classname="tests.test_implement_action.TestImplementActionEndpoint" name="test_store_notes_without_extracted_notes" time="0.221" /><testcase classname="tests.test_implement_action.TestImplementActionEndpoint" name="test_store_notes_with_empty_list" time="0.234" /><testcase classname="tests.test_implement_action.TestImplementActionEndpoint" name="test_remove_notes_action" time="1.677" /><testcase classname="tests.test_implement_action.TestImplementActionEndpoint" name="test_analysis_action_no_content_change" time="0.302" /><testcase classname="tests.test_implement_action.TestImplementActionEndpoint" name="test_implement_without_chapter_id" time="1.017" /><testcase classname="tests.test_implement_action.TestImplementActionEndpoint" name="test_implement_with_apply_content_false" time="0.417" /><testcase classname="tests.test_implement_action.TestImplementActionEndpoint" name="test_convert_notes_action" time="1.920" /><testcase classname="tests.test_implement_action.TestImplementActionEndpoint" name="test_new_content_preview_returned" time="2.193" /><testcase classname="tests.test_implement_action.TestImplementActionEdgeCases" name="test_implement_with_very_long_content" time="25.177" /><testcase classname="tests.test_implement_action.TestImplementActionEdgeCases" name="test_implement_with_empty_content" time="0.934" /><testcase classname="tests.test_implement_action.TestImplementActionEdgeCases" name="test_implement_with_invalid_chapter_id" time="0.810" /><testcase classname="tests.test_implement_action.TestImplementActionEdgeCases" name="test_store_notes_limit" time="0.191" /><testcase classname="tests.test_implement_action.TestImplementActionIntegration" name="test_full_workflow_analyze_then_implement" time="32.491" /></testsuite></testsuites>