<?xml version="1.0" encoding="utf-8"?><testsuites name="pytest tests"><testsuite name="pytest" errors="0" failures="0" skipped="0" tests="20" time="245.347" timestamp="2026-01-04T00:50:20.247451+00:00" hostname="agent-env-49ea4bb2-70a2-4f06-b0b7-92238fd008e8"><testcase classname="tests.test_import_wizard.TestImportAnalyzeEndpoint" name="test_analyze_basic_content" time="18.586" /><testcase classname="tests.test_import_wizard.TestImportAnalyzeEndpoint" name="test_analyze_with_notes_detection" time="30.043" /><testcase classname="tests.test_import_wizard.TestImportAnalyzeEndpoint" name="test_analyze_with_project_context" time="23.165" /><testcase classname="tests.test_import_wizard.TestImportAnalyzeEndpoint" name="test_analyze_empty_content" time="16.572" /><testcase classname="tests.test_import_wizard.TestImportAnalyzeEndpoint" name="test_analyze_reading_level_detection" time="23.262" /><testcase classname="tests.test_import_wizard.TestImportActionEndpoint" name="test_autoformat_action" time="1.684" /><testcase classname="tests.test_import_wizard.TestImportActionEndpoint" name="test_store_notes_action" time="3.977" /><testcase classname="tests.test_import_wizard.TestImportActionEndpoint" name="test_full_qa_action" time="45.391" /><testcase classname="tests.test_import_wizard.TestImportActionEndpoint" name="test_split_chapters_action" time="5.923" /><testcase classname="tests.test_import_wizard.TestImportActionEndpoint" name="test_extract_characters_action" time="7.125" /><testcase classname="tests.test_import_wizard.TestImportActionEndpoint" name="test_extract_glossary_action" time="17.714" /><testcase classname="tests.test_import_wizard.TestImportActionEndpoint" name="test_lantern_path_action" time="33.933" /><testcase classname="tests.test_import_wizard.TestImportActionEndpoint" name="test_remove_notes_action" time="1.954" /><testcase classname="tests.test_import_wizard.TestImportActionEndpoint" name="test_convert_notes_action" time="3.990" /><testcase classname="tests.test_import_wizard.TestImportActionEndpoint" name="test_extract_summaries_action" time="3.203" /><testcase classname="tests.test_import_wizard.TestImportActionEndpoint" name="test_invalid_action" time="0.040" /><testcase classname="tests.test_import_wizard.TestImportActionEndpoint" name="test_action_with_project_context" time="8.107" /><testcase classname="tests.test_import_wizard.TestVersionsIntegration" name="test_create_version_snapshot" time="0.189" /><testcase classname="tests.test_import_wizard.TestVersionsIntegration" name="test_get_versions_by_parent" time="0.117" /><testcase classname="tests.test_import_wizard.TestNotesIntegration" name="test_create_note_from_import" time="0.166" /></testsuite></testsuites>