<?xml version="1.0" encoding="utf-8"?><testsuites name="pytest tests"><testsuite name="pytest" errors="0" failures="0" skipped="0" tests="30" time="1.235" timestamp="2025-12-31T07:49:24.595892+00:00" hostname="agent-env-6dd4f2a0-9231-4fa8-989d-7d727108a7ac"><testcase classname="tests.test_versions_notes_migration.TestHealthEndpoints" name="test_api_root" time="0.070" /><testcase classname="tests.test_versions_notes_migration.TestHealthEndpoints" name="test_health_check" time="0.010" /><testcase classname="tests.test_versions_notes_migration.TestVersionsCRUD" name="test_create_version" time="0.075" /><testcase classname="tests.test_versions_notes_migration.TestVersionsCRUD" name="test_get_versions_by_parent" time="0.049" /><testcase classname="tests.test_versions_notes_migration.TestVersionsCRUD" name="test_get_version_by_id" time="0.008" /><testcase classname="tests.test_versions_notes_migration.TestVersionsCRUD" name="test_get_nonexistent_version" time="0.050" /><testcase classname="tests.test_versions_notes_migration.TestVersionsCRUD" name="test_delete_version" time="0.066" /><testcase classname="tests.test_versions_notes_migration.TestVersionsCRUD" name="test_delete_nonexistent_version" time="0.008" /><testcase classname="tests.test_versions_notes_migration.TestNotesCRUD" name="test_create_note_comment" time="0.050" /><testcase classname="tests.test_versions_notes_migration.TestNotesCRUD" name="test_create_note_todo" time="0.009" /><testcase classname="tests.test_versions_notes_migration.TestNotesCRUD" name="test_create_note_revision" time="0.051" /><testcase classname="tests.test_versions_notes_migration.TestNotesCRUD" name="test_create_note_author_intent" time="0.009" /><testcase classname="tests.test_versions_notes_migration.TestNotesCRUD" name="test_get_notes_by_parent" time="0.008" /><testcase classname="tests.test_versions_notes_migration.TestNotesCRUD" name="test_get_note_by_id" time="0.049" /><testcase classname="tests.test_versions_notes_migration.TestNotesCRUD" name="test_update_note" time="0.016" /><testcase classname="tests.test_versions_notes_migration.TestNotesCRUD" name="test_get_nonexistent_note" time="0.008" /><testcase classname="tests.test_versions_notes_migration.TestNotesCRUD" name="test_update_nonexistent_note" time="0.049" /><testcase classname="tests.test_versions_notes_migration.TestNotesCRUD" name="test_delete_note" time="0.063" /><testcase classname="tests.test_versions_notes_migration.TestNotesCRUD" name="test_delete_nonexistent_note" time="0.048" /><testcase classname="tests.test_versions_notes_migration.TestMigrationEndpoint" name="test_migrate_projects_to_manuscripts" time="0.009" /><testcase classname="tests.test_versions_notes_migration.TestMigrationEndpoint" name="test_migration_idempotent" time="0.057" /><testcase classname="tests.test_versions_notes_migration.TestManuscriptsCollection" name="test_get_all_manuscripts" time="0.007" /><testcase classname="tests.test_versions_notes_migration.TestManuscriptsCollection" name="test_create_manuscript" time="0.048" /><testcase classname="tests.test_versions_notes_migration.TestManuscriptsCollection" name="test_get_manuscript_by_id" time="0.050" /><testcase classname="tests.test_versions_notes_migration.TestManuscriptsCollection" name="test_update_manuscript" time="0.009" /><testcase classname="tests.test_versions_notes_migration.TestManuscriptsCollection" name="test_delete_manuscript" time="0.055" /><testcase classname="tests.test_versions_notes_migration.TestChapterEndpoints" name="test_create_chapter" time="0.050" /><testcase classname="tests.test_versions_notes_migration.TestChapterEndpoints" name="test_get_chapters_by_project" time="0.008" /><testcase classname="tests.test_versions_notes_migration.TestChapterEndpoints" name="test_update_chapter" time="0.050" /><testcase classname="tests.test_versions_notes_migration.TestChapterEndpoints" name="test_delete_chapter" time="0.064" /></testsuite></testsuites>