<?xml version="1.0" encoding="utf-8"?><testsuites name="pytest tests"><testsuite name="pytest" errors="0" failures="0" skipped="0" tests="13" time="29.175" timestamp="2026-01-04T03:34:04.838678+00:00" hostname="agent-env-49ea4bb2-70a2-4f06-b0b7-92238fd008e8"><testcase classname="tests.test_split_chapters.TestSplitChaptersEndpoint" name="test_split_big_manuscript_17_chapters" time="1.012" /><testcase classname="tests.test_split_chapters.TestSplitChaptersEndpoint" name="test_split_roman_numeral_chapters" time="0.389" /><testcase classname="tests.test_split_chapters.TestSplitChaptersEndpoint" name="test_split_written_number_chapters" time="0.271" /><testcase classname="tests.test_split_chapters.TestSplitChaptersEndpoint" name="test_split_part_structure" time="0.257" /><testcase classname="tests.test_split_chapters.TestSplitChaptersEndpoint" name="test_split_chapters_various_formats" time="0.408" /><testcase classname="tests.test_split_chapters.TestSplitChaptersEndpoint" name="test_split_chapters_content_not_truncated" time="0.889" /><testcase classname="tests.test_split_chapters.TestSplitChaptersEndpoint" name="test_split_chapters_requires_project_or_manuscript_id" time="0.148" /><testcase classname="tests.test_split_chapters.TestSplitChaptersEndpoint" name="test_split_chapters_short_content" time="0.145" /><testcase classname="tests.test_split_chapters.TestUploadPreviewEndpoint" name="test_upload_preview_returns_full_content" time="0.038" /><testcase classname="tests.test_split_chapters.TestUploadPreviewEndpoint" name="test_upload_preview_word_count" time="0.037" /><testcase classname="tests.test_split_chapters.TestChapterDetectionRegex" name="test_detect_prologue_epilogue" time="0.038" /><testcase classname="tests.test_split_chapters.TestChapterDetectionRegex" name="test_detect_chapter_formats" time="0.000" /><testcase classname="tests.test_split_chapters.TestFixEverythingIntegration" name="test_fix_everything_includes_split_chapters" time="25.487" /></testsuite></testsuites>